Build started...
1>------ Build started: Project: lesson2, Configuration: Debug Any CPU ------
1>C:\Users\silenceafter\source\repos\homeWork4\lesson2\lesson2\Program.cs(328,32,328,33): error CS1061: 'int[]' does not contain a definition for 'Add' and no accessible extension method 'Add' accepting a first argument of type 'int[]' could be found (are you missing a using directive or an assembly reference?)
1>C:\Users\silenceafter\source\repos\homeWork4\lesson2\lesson2\Program.cs(328,35,328,36): error CS1061: 'int[]' does not contain a definition for 'Add' and no accessible extension method 'Add' accepting a first argument of type 'int[]' could be found (are you missing a using directive or an assembly reference?)
1>C:\Users\silenceafter\source\repos\homeWork4\lesson2\lesson2\Program.cs(328,38,328,40): error CS1061: 'int[]' does not contain a definition for 'Add' and no accessible extension method 'Add' accepting a first argument of type 'int[]' could be found (are you missing a using directive or an assembly reference?)
1>C:\Users\silenceafter\source\repos\homeWork4\lesson2\lesson2\Program.cs(328,42,328,44): error CS1061: 'int[]' does not contain a definition for 'Add' and no accessible extension method 'Add' accepting a first argument of type 'int[]' could be found (are you missing a using directive or an assembly reference?)
1>C:\Users\silenceafter\source\repos\homeWork4\lesson2\lesson2\Program.cs(328,46,328,48): error CS1061: 'int[]' does not contain a definition for 'Add' and no accessible extension method 'Add' accepting a first argument of type 'int[]' could be found (are you missing a using directive or an assembly reference?)
1>C:\Users\silenceafter\source\repos\homeWork4\lesson2\lesson2\Program.cs(328,50,328,52): error CS1061: 'int[]' does not contain a definition for 'Add' and no accessible extension method 'Add' accepting a first argument of type 'int[]' could be found (are you missing a using directive or an assembly reference?)
1>C:\Users\silenceafter\source\repos\homeWork4\lesson2\lesson2\Program.cs(328,54,328,56): error CS1061: 'int[]' does not contain a definition for 'Add' and no accessible extension method 'Add' accepting a first argument of type 'int[]' could be found (are you missing a using directive or an assembly reference?)
1>C:\Users\silenceafter\source\repos\homeWork4\lesson2\lesson2\Program.cs(328,58,328,60): error CS1061: 'int[]' does not contain a definition for 'Add' and no accessible extension method 'Add' accepting a first argument of type 'int[]' could be found (are you missing a using directive or an assembly reference?)
1>C:\Users\silenceafter\source\repos\homeWork4\lesson2\lesson2\Program.cs(328,62,328,64): error CS1061: 'int[]' does not contain a definition for 'Add' and no accessible extension method 'Add' accepting a first argument of type 'int[]' could be found (are you missing a using directive or an assembly reference?)
1>C:\Users\silenceafter\source\repos\homeWork4\lesson2\lesson2\Program.cs(328,66,328,68): error CS1061: 'int[]' does not contain a definition for 'Add' and no accessible extension method 'Add' accepting a first argument of type 'int[]' could be found (are you missing a using directive or an assembly reference?)
1>C:\Users\silenceafter\source\repos\homeWork4\lesson2\lesson2\Program.cs(328,70,328,72): error CS1061: 'int[]' does not contain a definition for 'Add' and no accessible extension method 'Add' accepting a first argument of type 'int[]' could be found (are you missing a using directive or an assembly reference?)
1>C:\Users\silenceafter\source\repos\homeWork4\lesson2\lesson2\Program.cs(328,74,328,76): error CS1061: 'int[]' does not contain a definition for 'Add' and no accessible extension method 'Add' accepting a first argument of type 'int[]' could be found (are you missing a using directive or an assembly reference?)
1>C:\Users\silenceafter\source\repos\homeWork4\lesson2\lesson2\Program.cs(328,78,328,80): error CS1061: 'int[]' does not contain a definition for 'Add' and no accessible extension method 'Add' accepting a first argument of type 'int[]' could be found (are you missing a using directive or an assembly reference?)
1>C:\Users\silenceafter\source\repos\homeWork4\lesson2\lesson2\Program.cs(328,82,328,85): error CS1061: 'int[]' does not contain a definition for 'Add' and no accessible extension method 'Add' accepting a first argument of type 'int[]' could be found (are you missing a using directive or an assembly reference?)
1>C:\Users\silenceafter\source\repos\homeWork4\lesson2\lesson2\Program.cs(328,87,328,90): error CS1061: 'int[]' does not contain a definition for 'Add' and no accessible extension method 'Add' accepting a first argument of type 'int[]' could be found (are you missing a using directive or an assembly reference?)
1>C:\Users\silenceafter\source\repos\homeWork4\lesson2\lesson2\Program.cs(328,92,328,95): error CS1061: 'int[]' does not contain a definition for 'Add' and no accessible extension method 'Add' accepting a first argument of type 'int[]' could be found (are you missing a using directive or an assembly reference?)
1>C:\Users\silenceafter\source\repos\homeWork4\lesson2\lesson2\Program.cs(328,97,328,100): error CS1061: 'int[]' does not contain a definition for 'Add' and no accessible extension method 'Add' accepting a first argument of type 'int[]' could be found (are you missing a using directive or an assembly reference?)
1>C:\Users\silenceafter\source\repos\homeWork4\lesson2\lesson2\Program.cs(328,102,328,105): error CS1061: 'int[]' does not contain a definition for 'Add' and no accessible extension method 'Add' accepting a first argument of type 'int[]' could be found (are you missing a using directive or an assembly reference?)
1>C:\Users\silenceafter\source\repos\homeWork4\lesson2\lesson2\Program.cs(328,107,328,110): error CS1061: 'int[]' does not contain a definition for 'Add' and no accessible extension method 'Add' accepting a first argument of type 'int[]' could be found (are you missing a using directive or an assembly reference?)
1>C:\Users\silenceafter\source\repos\homeWork4\lesson2\lesson2\Program.cs(328,112,328,115): error CS1061: 'int[]' does not contain a definition for 'Add' and no accessible extension method 'Add' accepting a first argument of type 'int[]' could be found (are you missing a using directive or an assembly reference?)
1>Done building project "lesson2.csproj" -- FAILED.
========== Build: 0 succeeded, 1 failed, 0 up-to-date, 0 skipped ==========
